#! c:/iverilog-x86/bin/vvp
:ivl_version "10.0 (stable)" "(v10_0)";
:ivl_delay_selection "TYPICAL";
:vpi_time_precision + 0;
:vpi_module "system";
:vpi_module "vhdl_sys";
:vpi_module "v2005_math";
:vpi_module "va_math";
S_010b3c78 .scope module, "DFlipFlop" "DFlipFlop" 2 22;
 .timescale 0 0;
    .port_info 0 /OUTPUT 1 "q"
    .port_info 1 /OUTPUT 1 "qBar"
    .port_info 2 /INPUT 1 "D"
    .port_info 3 /INPUT 1 "clk"
    .port_info 4 /INPUT 1 "rst"
L_00fd2180 .functor NOT 1, v00fd2078_0, C4<0>, C4<0>, C4<0>;
o00fd3fec .functor BUFZ 1, C4<z>; HiZ drive
v010b3d48_0 .net "D", 0 0, o00fd3fec;  0 drivers
o00fd4004 .functor BUFZ 1, C4<z>; HiZ drive
v00fd2020_0 .net "clk", 0 0, o00fd4004;  0 drivers
v00fd2078_0 .var "q", 0 0;
v00fd20d0_0 .net "qBar", 0 0, L_00fd2180;  1 drivers
o00fd404c .functor BUFZ 1, C4<z>; HiZ drive
v00fd2128_0 .net "rst", 0 0, o00fd404c;  0 drivers
E_00fd2a80/0 .event negedge, v00fd2128_0;
E_00fd2a80/1 .event posedge, v00fd2020_0;
E_00fd2a80 .event/or E_00fd2a80/0, E_00fd2a80/1;
    .scope S_010b3c78;
T_0 ;
    %wait E_00fd2a80;
    %load/vec4 v00fd2128_0;
    %nor/r;
    %flag_set/vec4 8;
    %jmp/0xz  T_0.0, 8;
    %pushi/vec4 0, 0, 1;
    %store/vec4 v00fd2078_0, 0, 1;
    %jmp T_0.1;
T_0.0 ;
    %load/vec4 v010b3d48_0;
    %store/vec4 v00fd2078_0, 0, 1;
T_0.1 ;
    %jmp T_0;
    .thread T_0;
# The file index is used to find the file name in the following table.
:file_names 3;
    "N/A";
    "<interactive>";
    "DFlipFlop.v";
